<?xml version="1.0" encoding="utf-8"?>
<!DOCTYPE nta PUBLIC '-//Uppaal Team//DTD Flat System 1.6//EN' 'http://www.it.uu.se/research/group/darts/uppaal/flat-1_6.dtd'>
<nta>
  <declaration>chan fork_ForkNode1;</declaration>
  <system>
system ;</system>
  <queries>
    <query>
      <formula>A[] not deadlock</formula>
      <comment>Check for deadlocks</comment>
      </query>
    </queries>
  </nta>
